d:\1_study\计算机图形学\normalgl\debug\vc142.pdb
d:\1_study\计算机图形学\normalgl\debug\vc142.idb
d:\1_study\计算机图形学\normalgl\debug\utils.obj
d:\1_study\计算机图形学\normalgl\debug\usercamera.obj
d:\1_study\计算机图形学\normalgl\debug\tin.obj
d:\1_study\计算机图形学\normalgl\debug\teapot.obj
d:\1_study\计算机图形学\normalgl\debug\stdafx.obj
d:\1_study\计算机图形学\normalgl\debug\status.obj
d:\1_study\计算机图形学\normalgl\debug\painters.obj
d:\1_study\计算机图形学\normalgl\debug\normalgl.obj
d:\1_study\计算机图形学\normalgl\debug\messagehandler.obj
d:\1_study\计算机图形学\normalgl\debug\matrix.obj
d:\1_study\计算机图形学\normalgl\debug\layerimporter.obj
d:\1_study\计算机图形学\normalgl\debug\graphic.obj
d:\1_study\计算机图形学\normalgl\debug\geodefine.obj
d:\1_study\计算机图形学\normalgl\debug\filler.obj
d:\1_study\计算机图形学\normalgl\debug\dialoghelper.obj
d:\1_study\计算机图形学\normalgl\debug\datamanagement.obj
d:\1_study\计算机图形学\normalgl\debug\clipper.obj
d:\1_study\计算机图形学\normalgl\debug\3dmodel.obj
d:\1_study\计算机图形学\normalgl\debug\renderer.obj
d:\1_study\计算机图形学\normalgl\debug\normalgl.lib
d:\1_study\计算机图形学\normalgl\debug\normalgl.exp
d:\1_study\计算机图形学\normalgl\debug\normalgl.res
d:\1_study\计算机图形学\normalgl\debug\usercamera.obj.enc
d:\1_study\计算机图形学\normalgl\debug\normalgl.tlog\cl.command.1.tlog
d:\1_study\计算机图形学\normalgl\debug\normalgl.tlog\cl.read.1.tlog
d:\1_study\计算机图形学\normalgl\debug\normalgl.tlog\cl.write.1.tlog
d:\1_study\计算机图形学\normalgl\debug\normalgl.tlog\link-cvtres.read.1.tlog
d:\1_study\计算机图形学\normalgl\debug\normalgl.tlog\link-cvtres.write.1.tlog
d:\1_study\计算机图形学\normalgl\debug\normalgl.tlog\link-rc.read.1.tlog
d:\1_study\计算机图形学\normalgl\debug\normalgl.tlog\link-rc.write.1.tlog
d:\1_study\计算机图形学\normalgl\debug\normalgl.tlog\link.11576-cvtres.read.1.tlog
d:\1_study\计算机图形学\normalgl\debug\normalgl.tlog\link.11576-cvtres.write.1.tlog
d:\1_study\计算机图形学\normalgl\debug\normalgl.tlog\link.11576-rc.read.1.tlog
d:\1_study\计算机图形学\normalgl\debug\normalgl.tlog\link.11576-rc.write.1.tlog
d:\1_study\计算机图形学\normalgl\debug\normalgl.tlog\link.11576.read.1.tlog
d:\1_study\计算机图形学\normalgl\debug\normalgl.tlog\link.11576.write.1.tlog
d:\1_study\计算机图形学\normalgl\debug\normalgl.tlog\link.command.1.tlog
d:\1_study\计算机图形学\normalgl\debug\normalgl.tlog\link.read.1.tlog
d:\1_study\计算机图形学\normalgl\debug\normalgl.tlog\link.write.1.tlog
d:\1_study\计算机图形学\normalgl\debug\normalgl.tlog\normalgl.write.1u.tlog
d:\1_study\计算机图形学\normalgl\debug\normalgl.tlog\rc.command.1.tlog
d:\1_study\计算机图形学\normalgl\debug\normalgl.tlog\rc.read.1.tlog
d:\1_study\计算机图形学\normalgl\debug\normalgl.tlog\rc.write.1.tlog
